#
# A fatal error has been detected by the Java Runtime Environment:
#
#  EXCEPTION_ACCESS_VIOLATION (0xc0000005) at pc=0x000000006e5957d7, pid=2360, tid=2376
#
# JRE version: Java(TM) SE Runtime Environment (8.0_25-b18) (build 1.8.0_25-b18)
# Java VM: Java HotSpot(TM) 64-Bit Server VM (25.25-b02 mixed mode windows-amd64 compressed oops)
# Problematic frame:
# V  [jvm.dll+0x4657d7]
#
# Failed to write core dump. Minidumps are not enabled by default on client versions of Windows
#
# If you would like to submit a bug report, please visit:
#   http://bugreport.sun.com/bugreport/crash.jsp
#

---------------  T H R E A D  ---------------

Current thread (0x000000005653e800):  JavaThread "C2 CompilerThread1" daemon [_thread_in_native, id=2376, stack(0x0000000056d20000,0x0000000056e20000)]

siginfo: ExceptionCode=0xc0000005, reading address 0xffffffffffffffff

Registers:
RAX=0x0000000000000001, RBX=0x0000000056525bc8, RCX=0x000000005855ae90, RDX=0x0000000056e1c578
RSP=0x0000000056e1c440, RBP=0x0000000056e1c4a0, RSI=0x0000000056525b58, RDI=0x0000000000000481
R8 =0x000000000000005f, R9 =0x00400000572e2190, R10=0x00000000566a1c80, R11=0x00000000566a1c40
R12=0x0000000000000000, R13=0x0000000056525bd0, R14=0x0000000056e1c6a0, R15=0x000000006e785a20
RIP=0x000000006e5957d7, EFLAGS=0x0000000000010283

Top of Stack: (sp=0x0000000056e1c440)
0x0000000056e1c440:   0000000056525500 00000000572e2568
0x0000000056e1c450:   000000006e785a20 0000000056e1c6a0
0x0000000056e1c460:   0000000056525560 0000000000000000
0x0000000056e1c470:   00000000584d6900 000000006e598013
0x0000000056e1c480:   0000000056e1c6a0 00000000572e2568
0x0000000056e1c490:   0000000056525500 00000000584d6900
0x0000000056e1c4a0:   0000000056e1c578 0000000056e1c558
0x0000000056e1c4b0:   0000000056e1c6a0 000000006e20d14b
0x0000000056e1c4c0:   0000000054fcaf50 00000000575367e0
0x0000000056e1c4d0:   0000000000000000 0000000056e1c589
0x0000000056e1c4e0:   0000000056e1c6a0 000000006e59851c
0x0000000056e1c4f0:   00000000586da108 00000000586d7030
0x0000000056e1c500:   00000000586d2120 000000006e5961cd
0x0000000056e1c510:   0000000056e1c5c0 0000000058aef5e0
0x0000000056e1c520:   0000000000000008 00000000566cf320
0x0000000056e1c530:   0000000000000000 0000000000000000 

Instructions: (pc=0x000000006e5957d7)
0x000000006e5957b7:   78 68 8b 46 20 4c 8d 2c c3 49 3b dd 0f 83 bd 00
0x000000006e5957c7:   00 00 0f 1f 80 00 00 00 00 4c 8b 0b 48 8b 55 00
0x000000006e5957d7:   41 8b 49 28 8b c1 c1 e8 05 3b 42 10 73 19 44 8b
0x000000006e5957e7:   c0 48 8b 42 18 83 e1 1f 42 8b 04 80 ba 01 00 00 


Register to memory mapping:

RAX=0x0000000000000001 is an unknown value
RBX=0x0000000056525bc8 is an unknown value
RCX=0x000000005855ae90 is an unknown value
RDX=0x0000000056e1c578 is pointing into the stack for thread: 0x000000005653e800
RSP=0x0000000056e1c440 is pointing into the stack for thread: 0x000000005653e800
RBP=0x0000000056e1c4a0 is pointing into the stack for thread: 0x000000005653e800
RSI=0x0000000056525b58 is an unknown value
RDI=0x0000000000000481 is an unknown value
R8 =0x000000000000005f is an unknown value
R9 =0x00400000572e2190 is an unknown value
R10=0x00000000566a1c80 is an unknown value
R11=0x00000000566a1c40 is an unknown value
R12=0x0000000000000000 is an unknown value
R13=0x0000000056525bd0 is an unknown value
R14=0x0000000056e1c6a0 is pointing into the stack for thread: 0x000000005653e800
R15=0x000000006e785a20 is an unknown value


Stack: [0x0000000056d20000,0x0000000056e20000],  sp=0x0000000056e1c440,  free space=1009k
Native frames: (J=compiled Java code, j=interpreted, Vv=VM code, C=native code)
V  [jvm.dll+0x4657d7]
V  [jvm.dll+0x468013]
V  [jvm.dll+0x46851c]
V  [jvm.dll+0x4692aa]
V  [jvm.dll+0x45122f]
V  [jvm.dll+0x4538f8]
V  [jvm.dll+0x437372]
V  [jvm.dll+0x98a02]
V  [jvm.dll+0x991f3]
V  [jvm.dll+0x22bde4]
V  [jvm.dll+0x2852fa]
C  [msvcr100.dll+0x21d9f]
C  [msvcr100.dll+0x21e3b]
C  [kernel32.dll+0x1f56d]
C  [ntdll.dll+0x33281]


Current CompileTask:
C2:   3242 1872   !   4       com.android.dx.cf.cst.ConstantPoolParser::parse0 (731 bytes)


---------------  P R O C E S S  ---------------

Java Threads: ( => current thread )
  0x00000000568bb000 JavaThread "pool-2-thread-4" [_thread_blocked, id=4716, stack(0x0000000058060000,0x0000000058160000)]
  0x0000000056806800 JavaThread "pool-2-thread-3" [_thread_blocked, id=4540, stack(0x0000000057900000,0x0000000057a00000)]
  0x00000000568a2800 JavaThread "pool-2-thread-2" [_thread_in_vm, id=4356, stack(0x0000000057db0000,0x0000000057eb0000)]
  0x00000000567a2000 JavaThread "pool-3-thread-1" [_thread_blocked, id=4736, stack(0x0000000057ba0000,0x0000000057ca0000)]
  0x000000005676d000 JavaThread "pool-2-thread-1" [_thread_blocked, id=3784, stack(0x0000000057a00000,0x0000000057b00000)]
  0x0000000056542800 JavaThread "Service Thread" daemon [_thread_blocked, id=4940, stack(0x0000000056ea0000,0x0000000056fa0000)]
  0x000000005653f800 JavaThread "C1 CompilerThread2" daemon [_thread_blocked, id=4784, stack(0x0000000056c00000,0x0000000056d00000)]
=>0x000000005653e800 JavaThread "C2 CompilerThread1" daemon [_thread_in_native, id=2376, stack(0x0000000056d20000,0x0000000056e20000)]
  0x00000000564f1000 JavaThread "C2 CompilerThread0" daemon [_thread_in_native, id=4260, stack(0x0000000056ac0000,0x0000000056bc0000)]
  0x00000000564f0800 JavaThread "Attach Listener" daemon [_thread_blocked, id=4704, stack(0x0000000056270000,0x0000000056370000)]
  0x0000000055021800 JavaThread "Signal Dispatcher" daemon [_thread_blocked, id=4452, stack(0x00000000569c0000,0x0000000056ac0000)]
  0x0000000054fc7800 JavaThread "Finalizer" daemon [_thread_blocked, id=4768, stack(0x00000000563f0000,0x00000000564f0000)]
  0x0000000054fbe800 JavaThread "Reference Handler" daemon [_thread_blocked, id=4960, stack(0x0000000056170000,0x0000000056270000)]
  0x00000000021ae000 JavaThread "main" [_thread_blocked, id=4484, stack(0x0000000002420000,0x0000000002520000)]

Other Threads:
  0x0000000054fb9800 VMThread [stack: 0x0000000055f60000,0x0000000056060000] [id=4868]
  0x0000000056546000 WatcherThread [stack: 0x0000000056fb0000,0x00000000570b0000] [id=5016]

VM state:not at safepoint (normal execution)

VM Mutex/Monitor currently owned by a thread: None

Heap:
 PSYoungGen      total 139776K, used 32945K [0x00000000eab00000, 0x00000000f3e00000, 0x0000000100000000)
  eden space 129024K, 17% used [0x00000000eab00000,0x00000000ec0b1df0,0x00000000f2900000)
  from space 10752K, 99% used [0x00000000f3380000,0x00000000f3dfa9f8,0x00000000f3e00000)
  to   space 10752K, 0% used [0x00000000f2900000,0x00000000f2900000,0x00000000f3380000)
 ParOldGen       total 172032K, used 6501K [0x00000000c0000000, 0x00000000ca800000, 0x00000000eab00000)
  object space 172032K, 3% used [0x00000000c0000000,0x00000000c0659788,0x00000000ca800000)
 Metaspace       used 6290K, capacity 7128K, committed 7424K, reserved 1056768K
  class space    used 609K, capacity 656K, committed 768K, reserved 1048576K

Card table byte_map: [0x0000000011bb0000,0x0000000011dc0000] byte_map_base: 0x00000000115b0000

Marking Bits: (ParMarkBitMap*) 0x000000006e90d490
 Begin Bits: [0x0000000012430000, 0x0000000013430000)
 End Bits:   [0x0000000013430000, 0x0000000014430000)

Polling page: 0x00000000001c0000

CodeCache: size=245760Kb used=6916Kb max_used=6916Kb free=238843Kb
 bounds [0x00000000027f0000, 0x0000000002ec0000, 0x00000000117f0000]
 total_blobs=2119 nmethods=1855 adapters=178
 compilation: enabled

Compilation events (10 events):
Event: 2.964 Thread 0x000000005653f800 1918       3       java.util.zip.InflaterInputStream::<init> (79 bytes)
Event: 2.965 Thread 0x000000005653f800 nmethod 1918 0x0000000002e5f350 code [0x0000000002e5f500, 0x0000000002e5fb98]
Event: 2.965 Thread 0x000000005653f800 1919   !   3       java.util.zip.Inflater::reset (69 bytes)
Event: 2.965 Thread 0x000000005653f800 nmethod 1919 0x0000000002e5eb90 code [0x0000000002e5ed20, 0x0000000002e5f178]
Event: 2.973 Thread 0x000000005653f800 1923       3       java.util.concurrent.locks.AbstractQueuedSynchronizer::compareAndSetWaitStatus (13 bytes)
Event: 2.973 Thread 0x000000005653f800 nmethod 1923 0x0000000002e5e890 code [0x0000000002e5e9e0, 0x0000000002e5eb30]
Event: 2.982 Thread 0x000000005653f800 1924       3       java.util.ArrayDeque::poll (5 bytes)
Event: 2.982 Thread 0x000000005653f800 nmethod 1924 0x0000000002e5e4d0 code [0x0000000002e5e640, 0x0000000002e5e7e8]
Event: 2.982 Thread 0x000000005653f800 1925       3       java.util.concurrent.locks.LockSupport::setBlocker (12 bytes)
Event: 2.982 Thread 0x000000005653f800 nmethod 1925 0x0000000002e5e1d0 code [0x0000000002e5e320, 0x0000000002e5e470]

GC Heap History (4 events):
Event: 1.438 GC heap before
{Heap before GC invocations=1 (full 0):
 PSYoungGen      total 75264K, used 64512K [0x00000000eab00000, 0x00000000eff00000, 0x0000000100000000)
  eden space 64512K, 100% used [0x00000000eab00000,0x00000000eea00000,0x00000000eea00000)
  from space 10752K, 0% used [0x00000000ef480000,0x00000000ef480000,0x00000000eff00000)
  to   space 10752K, 0% used [0x00000000eea00000,0x00000000eea00000,0x00000000ef480000)
 ParOldGen       total 172032K, used 0K [0x00000000c0000000, 0x00000000ca800000, 0x00000000eab00000)
  object space 172032K, 0% used [0x00000000c0000000,0x00000000c0000000,0x00000000ca800000)
 Metaspace       used 5806K, capacity 6832K, committed 7040K, reserved 1056768K
  class space    used 588K, capacity 616K, committed 640K, reserved 1048576K
Event: 1.548 GC heap after
Heap after GC invocations=1 (full 0):
 PSYoungGen      total 75264K, used 10708K [0x00000000eab00000, 0x00000000f3e00000, 0x0000000100000000)
  eden space 64512K, 0% used [0x00000000eab00000,0x00000000eab00000,0x00000000eea00000)
  from space 10752K, 99% used [0x00000000eea00000,0x00000000ef475250,0x00000000ef480000)
  to   space 10752K, 0% used [0x00000000f3380000,0x00000000f3380000,0x00000000f3e00000)
 ParOldGen       total 172032K, used 0K [0x00000000c0000000, 0x00000000ca800000, 0x00000000eab00000)
  object space 172032K, 0% used [0x00000000c0000000,0x00000000c0000000,0x00000000ca800000)
 Metaspace       used 5806K, capacity 6832K, committed 7040K, reserved 1056768K
  class space    used 588K, capacity 616K, committed 640K, reserved 1048576K
}
Event: 1.928 GC heap before
{Heap before GC invocations=2 (full 0):
 PSYoungGen      total 75264K, used 75220K [0x00000000eab00000, 0x00000000f3e00000, 0x0000000100000000)
  eden space 64512K, 100% used [0x00000000eab00000,0x00000000eea00000,0x00000000eea00000)
  from space 10752K, 99% used [0x00000000eea00000,0x00000000ef475250,0x00000000ef480000)
  to   space 10752K, 0% used [0x00000000f3380000,0x00000000f3380000,0x00000000f3e00000)
 ParOldGen       total 172032K, used 0K [0x00000000c0000000, 0x00000000ca800000, 0x00000000eab00000)
  object space 172032K, 0% used [0x00000000c0000000,0x00000000c0000000,0x00000000ca800000)
 Metaspace       used 6240K, capacity 7128K, committed 7424K, reserved 1056768K
  class space    used 609K, capacity 656K, committed 768K, reserved 1048576K
Event: 2.065 GC heap after
Heap after GC invocations=2 (full 0):
 PSYoungGen      total 139776K, used 10730K [0x00000000eab00000, 0x00000000f3e00000, 0x0000000100000000)
  eden space 129024K, 0% used [0x00000000eab00000,0x00000000eab00000,0x00000000f2900000)
  from space 10752K, 99% used [0x00000000f3380000,0x00000000f3dfa9f8,0x00000000f3e00000)
  to   space 10752K, 0% used [0x00000000f2900000,0x00000000f2900000,0x00000000f3380000)
 ParOldGen       total 172032K, used 6501K [0x00000000c0000000, 0x00000000ca800000, 0x00000000eab00000)
  object space 172032K, 3% used [0x00000000c0000000,0x00000000c0659788,0x00000000ca800000)
 Metaspace       used 6240K, capacity 7128K, committed 7424K, reserved 1056768K
  class space    used 609K, capacity 656K, committed 768K, reserved 1048576K
}

Deoptimization events (10 events):
Event: 0.488 Thread 0x00000000021ae000 Uncommon trap: reason=class_check action=maybe_recompile pc=0x0000000002a65160 method=com.android.dx.ssa.NormalSsaInsn.accept(Lcom/android/dx/ssa/SsaInsn$Visitor;)V @ 9
Event: 0.488 Thread 0x00000000021ae000 Uncommon trap: reason=class_check action=maybe_recompile pc=0x0000000002a65160 method=com.android.dx.ssa.NormalSsaInsn.accept(Lcom/android/dx/ssa/SsaInsn$Visitor;)V @ 9
Event: 0.488 Thread 0x00000000021ae000 Uncommon trap: reason=class_check action=maybe_recompile pc=0x0000000002a65160 method=com.android.dx.ssa.NormalSsaInsn.accept(Lcom/android/dx/ssa/SsaInsn$Visitor;)V @ 9
Event: 1.305 Thread 0x0000000056806800 Uncommon trap: reason=null_check action=make_not_entrant pc=0x0000000002b26590 method=com.android.dx.rop.type.Type.equals(Ljava/lang/Object;)Z @ 8
Event: 1.879 Thread 0x00000000568a2800 Uncommon trap: reason=unreached action=reinterpret pc=0x0000000002c64604 method=com.android.dx.ssa.LocalVariableExtractor.processBlock(I)V @ 251
Event: 1.900 Thread 0x00000000568a2800 Uncommon trap: reason=unreached action=reinterpret pc=0x0000000002b375e8 method=java.util.HashMap.getNode(ILjava/lang/Object;)Ljava/util/HashMap$Node; @ 84
Event: 1.900 Thread 0x00000000568a2800 Uncommon trap: reason=unreached action=reinterpret pc=0x0000000002abbf80 method=java.util.HashMap.getNode(ILjava/lang/Object;)Ljava/util/HashMap$Node; @ 84
Event: 1.900 Thread 0x00000000568a2800 Uncommon trap: reason=unreached action=reinterpret pc=0x0000000002a85a20 method=java.util.HashMap.getNode(ILjava/lang/Object;)Ljava/util/HashMap$Node; @ 84
Event: 1.908 Thread 0x00000000568a2800 Uncommon trap: reason=unreached action=reinterpret pc=0x0000000002b2a344 method=java.util.HashMap.resize()[Ljava/util/HashMap$Node; @ 206
Event: 1.916 Thread 0x00000000021ae000 Uncommon trap: reason=unreached action=reinterpret pc=0x0000000002a8a750 method=com.android.dx.ssa.SsaInsn.getLocalAssignment()Lcom/android/dx/rop/code/RegisterSpec; @ 14

Internal exceptions (10 events):
Event: 0.716 Thread 0x00000000021ae000 Exception <a 'java/security/PrivilegedActionException'> (0x00000000ec145530) thrown at [D:\re\workspace\8-2-build-windows-amd64-cygwin\jdk8u25\1677\hotspot\src\share\vm\prims\jvm.cpp, line 1312]
Event: 0.741 Thread 0x00000000021ae000 Exception <a 'java/security/PrivilegedActionException'> (0x00000000ec2686e8) thrown at [D:\re\workspace\8-2-build-windows-amd64-cygwin\jdk8u25\1677\hotspot\src\share\vm\prims\jvm.cpp, line 1312]
Event: 0.826 Thread 0x00000000021ae000 Exception <a 'java/security/PrivilegedActionException'> (0x00000000ec7deb18) thrown at [D:\re\workspace\8-2-build-windows-amd64-cygwin\jdk8u25\1677\hotspot\src\share\vm\prims\jvm.cpp, line 1312]
Event: 0.826 Thread 0x00000000021ae000 Exception <a 'java/security/PrivilegedActionException'> (0x00000000ec7e1320) thrown at [D:\re\workspace\8-2-build-windows-amd64-cygwin\jdk8u25\1677\hotspot\src\share\vm\prims\jvm.cpp, line 1312]
Event: 0.829 Thread 0x00000000021ae000 Exception <a 'java/security/PrivilegedActionException'> (0x00000000ec816130) thrown at [D:\re\workspace\8-2-build-windows-amd64-cygwin\jdk8u25\1677\hotspot\src\share\vm\prims\jvm.cpp, line 1312]
Event: 1.305 Thread 0x0000000056806800 Implicit null exception at 0x0000000002b26492 to 0x0000000002b26582
Event: 1.706 Thread 0x000000005676d000 Exception <a 'java/security/PrivilegedActionException'> (0x00000000eb77a180) thrown at [D:\re\workspace\8-2-build-windows-amd64-cygwin\jdk8u25\1677\hotspot\src\share\vm\prims\jvm.cpp, line 1312]
Event: 1.898 Thread 0x00000000568a2800 Exception <a 'java/lang/ArrayIndexOutOfBoundsException': 18> (0x00000000ee406df8) thrown at [D:\re\workspace\8-2-build-windows-amd64-cygwin\jdk8u25\1677\hotspot\src\share\vm\interpreter\interpreterRuntime.cpp, line 366]
Event: 1.899 Thread 0x00000000568a2800 Exception <a 'java/lang/ArrayIndexOutOfBoundsException': 145> (0x00000000ee408890) thrown at [D:\re\workspace\8-2-build-windows-amd64-cygwin\jdk8u25\1677\hotspot\src\share\vm\interpreter\interpreterRuntime.cpp, line 366]
Event: 1.899 Thread 0x00000000568a2800 Exception <a 'java/lang/ArrayIndexOutOfBoundsException'> (0x00000000ee409aa8) thrown at [D:\re\workspace\8-2-build-windows-amd64-cygwin\jdk8u25\1677\hotspot\src\share\vm\runtime\sharedRuntime.cpp, line 604]

Events (10 events):
Event: 1.908 Thread 0x00000000568a2800 Uncommon trap: trap_request=0xffffffad fr.pc=0x0000000002b2a344
Event: 1.908 Thread 0x00000000568a2800 DEOPT PACKING pc=0x0000000002b2a344 sp=0x0000000057eae810
Event: 1.908 Thread 0x00000000568a2800 DEOPT UNPACKING pc=0x000000000283556a sp=0x0000000057eae778 mode 2
Event: 1.916 Thread 0x00000000021ae000 Uncommon trap: trap_request=0xffffffad fr.pc=0x0000000002a8a750
Event: 1.916 Thread 0x00000000021ae000 DEOPT PACKING pc=0x0000000002a8a750 sp=0x000000000251e110
Event: 1.916 Thread 0x00000000021ae000 DEOPT UNPACKING pc=0x000000000283556a sp=0x000000000251dfc0 mode 2
Event: 1.925 Thread 0x00000000568bb000 DEOPT PACKING pc=0x0000000002bedf87 sp=0x000000005815e8e0
Event: 1.925 Thread 0x00000000568bb000 DEOPT UNPACKING pc=0x00000000028371bf sp=0x000000005815e720 mode 0
Event: 1.926 Executing VM operation: ParallelGCFailedAllocation
Event: 2.066 Executing VM operation: ParallelGCFailedAllocation done


Dynamic libraries:
0x000000013fcf0000 - 0x000000013fd24000 	C:\Program Files\Java\jdk1.8.0_25\bin\java.exe
0x00000000774b0000 - 0x000000007765b000 	C:\Windows\SYSTEM32\ntdll.dll
0x0000000077290000 - 0x00000000773af000 	C:\Windows\system32\kernel32.dll
0x000007fefd770000 - 0x000007fefd7db000 	C:\Windows\system32\KERNELBASE.dll
0x000007feff6e0000 - 0x000007feff7bb000 	C:\Windows\system32\ADVAPI32.dll
0x000007fefe1d0000 - 0x000007fefe26f000 	C:\Windows\system32\msvcrt.dll
0x000007fefd7f0000 - 0x000007fefd80f000 	C:\Windows\SYSTEM32\sechost.dll
0x000007fefdeb0000 - 0x000007fefdfde000 	C:\Windows\system32\RPCRT4.dll
0x00000000773b0000 - 0x00000000774aa000 	C:\Windows\system32\USER32.dll
0x000007fefe400000 - 0x000007fefe467000 	C:\Windows\system32\GDI32.dll
0x000007fefe3f0000 - 0x000007fefe3fe000 	C:\Windows\system32\LPK.dll
0x000007fefe060000 - 0x000007fefe12a000 	C:\Windows\system32\USP10.dll
0x000007fefbef0000 - 0x000007fefc0e4000 	C:\Windows\WinSxS\amd64_microsoft.windows.common-controls_6595b64144ccf1df_6.0.7600.16385_none_fa645303170382f6\COMCTL32.dll
0x000007fefdfe0000 - 0x000007fefe051000 	C:\Windows\system32\SHLWAPI.dll
0x000007fefe580000 - 0x000007fefe5ae000 	C:\Windows\system32\IMM32.DLL
0x000007fefe470000 - 0x000007fefe579000 	C:\Windows\system32\MSCTF.dll
0x0000000071ef0000 - 0x0000000071fc2000 	C:\Program Files\Java\jdk1.8.0_25\jre\bin\msvcr100.dll
0x000000006e130000 - 0x000000006e98a000 	C:\Program Files\Java\jdk1.8.0_25\jre\bin\server\jvm.dll
0x000007fef2470000 - 0x000007fef2479000 	C:\Windows\system32\WSOCK32.dll
0x000007fefe5b0000 - 0x000007fefe5fd000 	C:\Windows\system32\WS2_32.dll
0x000007fefd7e0000 - 0x000007fefd7e8000 	C:\Windows\system32\NSI.dll
0x000007fefa150000 - 0x000007fefa18b000 	C:\Windows\system32\WINMM.dll
0x0000000077670000 - 0x0000000077677000 	C:\Windows\system32\PSAPI.DLL
0x0000000073320000 - 0x000000007332f000 	C:\Program Files\Java\jdk1.8.0_25\jre\bin\verify.dll
0x0000000071ec0000 - 0x0000000071ee8000 	C:\Program Files\Java\jdk1.8.0_25\jre\bin\java.dll
0x0000000071ea0000 - 0x0000000071eb6000 	C:\Program Files\Java\jdk1.8.0_25\jre\bin\zip.dll
0x000007fefe720000 - 0x000007feff4a6000 	C:\Windows\system32\SHELL32.dll
0x000007fefdca0000 - 0x000007fefdea1000 	C:\Windows\system32\ole32.dll
0x000007fefd410000 - 0x000007fefd41f000 	C:\Windows\system32\profapi.dll
0x000007feeedd0000 - 0x000007feeeef5000 	C:\Windows\system32\dbghelp.dll

VM Arguments:
jvm_args: -Djava.awt.headless=true -Xmx1024M -Dfile.encoding=windows-1252 -Duser.country=US -Duser.language=en -Duser.variant 
java_command: com.android.dx.command.Main --dex --force-jumbo --num-threads=4 --multi-dex --output E:\Working project\iHomeo(1116)\app\build\intermediates\transforms\dex\debug\folders\1000\10\MPAndroidChart-v2.2.2_96cd31c7064e3624237c8703dbdd02dfcfdb956e C:\Users\Android\.gradle\caches\modules-2\files-2.1\com.github.PhilJay\MPAndroidChart\v2.2.2\52bb5e2c528180a3d670d5f9daeb2018f1a7c899\MPAndroidChart-v2.2.2.jar
java_class_path (initial): C:\Users\Android\AppData\Local\Android\sdk\build-tools\24.0.0\lib\dx.jar
Launcher Type: SUN_STANDARD

Environment Variables:
PATH=C:\ProgramData\Oracle\Java\javapath;C:\Windows\system32;C:\Windows;C:\Windows\System32\Wbem;C:\Windows\System32\WindowsPowerShell\v1.0\
USERNAME=Android
OS=Windows_NT
PROCESSOR_IDENTIFIER=Intel64 Family 6 Model 58 Stepping 9, GenuineIntel



---------------  S Y S T E M  ---------------

OS: Windows 7 , 64 bit Build 7600 

CPU:total 4 (4 cores per cpu, 1 threads per core) family 6 model 58 stepping 9, cmov, cx8, fxsr, mmx, sse, sse2, sse3, ssse3, sse4.1, sse4.2, popcnt, aes, clmul, erms, tsc, tscinvbit, tscinv

Memory: 4k page, physical 16468592k(9255720k free), swap 32935288k(24358000k free)

vm_info: Java HotSpot(TM) 64-Bit Server VM (25.25-b02) for windows-amd64 JRE (1.8.0_25-b18), built on Oct  7 2014 14:25:37 by "java_re" with MS VC++ 10.0 (VS2010)

time: Mon Nov 21 10:46:02 2016
elapsed time: 3 seconds (0d 0h 0m 3s)

